<?xml version="1.0" encoding="UTF-8"?>
<testng-results ignored="0" total="1" passed="1" failed="0" skipped="0">
  <reporter-output>
    <line>
      <![CDATA[Navigated to Fitpeo Home page]]>
    </line>
    <line>
      <![CDATA[Slider value: 820 andTextbox value: 820 are matching]]>
    </line>
    <line>
      <![CDATA[Textbox value: 540 and Slider value: 540 are matching]]>
    </line>
    <line>
      <![CDATA[Total Recurring Reimbursement: 110700 matching the Total Recurring Reimbursement for all Patients Per Month110700]]>
    </line>
  </reporter-output>
  <suite started-at="2024-11-27T11:59:37 IST" name="Surefire suite" finished-at="2024-11-27T12:00:22 IST" duration-ms="45373">
    <groups>
    </groups>
    <test started-at="2024-11-27T11:59:37 IST" name="Surefire test" finished-at="2024-11-27T12:00:22 IST" duration-ms="45373">
      <class name="driverFactory.AppTest">
        <test-method signature="kickStart()[pri:0, instance:driverFactory.AppTest@3bf9ce3e]" started-at="2024-11-27T11:59:37 IST" name="kickStart" finished-at="2024-11-27T12:00:22 IST" duration-ms="45297" status="PASS">
          <reporter-output>
            <line>
              <![CDATA[Navigated to Fitpeo Home page]]>
            </line>
            <line>
              <![CDATA[Slider value: 820 andTextbox value: 820 are matching]]>
            </line>
            <line>
              <![CDATA[Textbox value: 540 and Slider value: 540 are matching]]>
            </line>
            <line>
              <![CDATA[Total Recurring Reimbursement: 110700 matching the Total Recurring Reimbursement for all Patients Per Month110700]]>
            </line>
          </reporter-output>
        </test-method> <!-- kickStart -->
      </class> <!-- driverFactory.AppTest -->
    </test> <!-- Surefire test -->
  </suite> <!-- Surefire suite -->
</testng-results>
